This is XeTeX, Version 3.14159265-2.6-0.99991 (TeX Live 2014) (preloaded format=xelatex 2014.5.25)  25 APR 2017 22:54
entering extended mode
 restricted \write18 enabled.
 file:line:error style messages enabled.
 %&-line parsing enabled.
**Fangzhou_Resume_1.tex
(./Fangzhou_Resume_1.tex
LaTeX2e <2014/05/01>
Babel <3.9k> and hyphenation patterns for 78 languages loaded.
(/usr/local/texlive/2014/texmf-dist/tex/latex/base/article.cls
Document Class: article 2007/10/19 v1.4h Standard LaTeX document class
(/usr/local/texlive/2014/texmf-dist/tex/latex/base/size11.clo
File: size11.clo 2007/10/19 v1.4h Standard LaTeX file (size option)
)
\c@part=\count80
\c@section=\count81
\c@subsection=\count82
\c@subsubsection=\count83
\c@paragraph=\count84
\c@subparagraph=\count85
\c@figure=\count86
\c@table=\count87
\abovecaptionskip=\skip41
\belowcaptionskip=\skip42
\bibindent=\dimen102
) (/usr/local/texlive/2014/texmf-dist/tex/latex/url/url.sty
\Urlmuskip=\muskip10
Package: url 2013/09/16  ver 3.4  Verb mode for urls, etc.
) (/usr/local/texlive/2014/texmf-dist/tex/latex/fancyhdr/fancyhdr.sty
\fancy@headwidth=\skip43
\f@ncyO@elh=\skip44
\f@ncyO@erh=\skip45
\f@ncyO@olh=\skip46
\f@ncyO@orh=\skip47
\f@ncyO@elf=\skip48
\f@ncyO@erf=\skip49
\f@ncyO@olf=\skip50
\f@ncyO@orf=\skip51
) (/usr/local/texlive/2014/texmf-dist/tex/latex/lastpage/lastpage.sty
Package: lastpage 2013/01/28 v1.2l Refers to last page's name (HMM; JPG)
) (/usr/local/texlive/2014/texmf-dist/tex/latex/enumitem/enumitem.sty
Package: enumitem 2011/09/28 v3.5.2 Customized lists
\enitkv@toks@=\toks14
\labelindent=\skip52
\enit@outerparindent=\dimen103
\enit@toks=\toks15
\enit@inbox=\box26
\enitdp@description=\count88
) (/usr/local/texlive/2014/texmf-dist/tex/latex/l3packages/xparse/xparse.sty (/usr/local/texlive/2014/texmf-dist/tex/latex/l3kernel/expl3.sty
Package: expl3 2014/05/20 v4814 L3 programming layer (loader) 
 (/usr/local/texlive/2014/texmf-dist/tex/generic/oberdiek/ifpdf.sty
Package: ifpdf 2011/01/30 v2.3 Provides the ifpdf switch (HO)
Package ifpdf Info: pdfTeX in PDF mode is not detected.
) (/usr/local/texlive/2014/texmf-dist/tex/latex/l3kernel/expl3-code.tex
Package: expl3 2014/05/20 v4814 L3 programming layer (code) 
L3 Module: l3bootstrap 2014/05/16 v4782 L3 Bootstrap code
 (/usr/local/texlive/2014/texmf-dist/tex/latex/etex-pkg/etex.sty
Package: etex 1998/03/26 v2.0 eTeX basic definition package (PEB)
\et@xins=\count89
)
L3 Module: l3names 2014/05/04 v4728 L3 Namespace for primitives
L3 Module: l3basics 2014/05/04 v4728 L3 Basic definitions
L3 Module: l3expan 2014/04/30 v4712 L3 Argument expansion
L3 Module: l3tl 2014/05/04 v4728 L3 Token lists
L3 Module: l3seq 2014/04/30 v4712 L3 Sequences and stacks
L3 Module: l3int 2014/05/16 v4776 L3 Integers
\c_max_int=\count90
\l_tmpa_int=\count91
\l_tmpb_int=\count92
\g_tmpa_int=\count93
\g_tmpb_int=\count94
L3 Module: l3quark 2014/05/04 v4728 L3 Quarks
L3 Module: l3prg 2014/05/04 v4728 L3 Control structures
\g__prg_map_int=\count95
L3 Module: l3clist 2014/05/04 v4728 L3 Comma separated lists
L3 Module: l3token 2014/05/04 v4728 L3 Experimental token manipulation
L3 Module: l3prop 2014/04/30 v4712 L3 Property lists
L3 Module: l3msg 2014/05/04 v4728 L3 Messages
L3 Module: l3file 2014/05/05 v4737 L3 File and I/O operations
\l_iow_line_count_int=\count96
\l__iow_target_count_int=\count97
\l__iow_current_line_int=\count98
\l__iow_current_word_int=\count99
\l__iow_current_indentation_int=\count100
L3 Module: l3skip 2014/05/05 v4738 L3 Dimensions and skips
\c_zero_dim=\dimen104
\c_max_dim=\dimen105
\l_tmpa_dim=\dimen106
\l_tmpb_dim=\dimen107
\g_tmpa_dim=\dimen108
\g_tmpb_dim=\dimen109
\c_zero_skip=\skip53
\c_max_skip=\skip54
\l_tmpa_skip=\skip55
\l_tmpb_skip=\skip56
\g_tmpa_skip=\skip57
\g_tmpb_skip=\skip58
\c_zero_muskip=\muskip11
\c_max_muskip=\muskip12
\l_tmpa_muskip=\muskip13
\l_tmpb_muskip=\muskip14
\g_tmpa_muskip=\muskip15
\g_tmpb_muskip=\muskip16
L3 Module: l3keys 2014/05/08 v4753 L3 Key-value interfaces
\g__keyval_level_int=\count101
\l_keys_choice_int=\count102
L3 Module: l3fp 2014/04/30 v4712 L3 Floating points
\c__fp_leading_shift_int=\count103
\c__fp_middle_shift_int=\count104
\c__fp_trailing_shift_int=\count105
\c__fp_big_leading_shift_int=\count106
\c__fp_big_middle_shift_int=\count107
\c__fp_big_trailing_shift_int=\count108
\c__fp_Bigg_leading_shift_int=\count109
\c__fp_Bigg_middle_shift_int=\count110
\c__fp_Bigg_trailing_shift_int=\count111
L3 Module: l3box 2014/05/04 v4728 L3 Experimental boxes
\c_empty_box=\box27
\l_tmpa_box=\box28
\l_tmpb_box=\box29
\g_tmpa_box=\box30
\g_tmpb_box=\box31
L3 Module: l3coffins 2014/05/04 v4728 L3 Coffin code layer
\l__coffin_internal_box=\box32
\l__coffin_internal_dim=\dimen110
\l__coffin_offset_x_dim=\dimen111
\l__coffin_offset_y_dim=\dimen112
\l__coffin_x_dim=\dimen113
\l__coffin_y_dim=\dimen114
\l__coffin_x_prime_dim=\dimen115
\l__coffin_y_prime_dim=\dimen116
\c_empty_coffin=\box33
\l__coffin_aligned_coffin=\box34
\l__coffin_aligned_internal_coffin=\box35
\l_tmpa_coffin=\box36
\l_tmpb_coffin=\box37
\l__coffin_display_coffin=\box38
\l__coffin_display_coord_coffin=\box39
\l__coffin_display_pole_coffin=\box40
\l__coffin_display_offset_dim=\dimen117
\l__coffin_display_x_dim=\dimen118
\l__coffin_display_y_dim=\dimen119
L3 Module: l3color 2014/04/30 v4712 L3 Experimental color support
L3 Module: l3luatex 2014/04/30 v4712 L3 Experimental LuaTeX-specific functions
\g__cctab_allocate_int=\count112
\g__cctab_stack_int=\count113
L3 Module: l3candidates 2014/05/04 v4734 L3 Experimental additions to l3kernel
\l__box_top_dim=\dimen120
\l__box_bottom_dim=\dimen121
\l__box_left_dim=\dimen122
\l__box_right_dim=\dimen123
\l__box_top_new_dim=\dimen124
\l__box_bottom_new_dim=\dimen125
\l__box_left_new_dim=\dimen126
\l__box_right_new_dim=\dimen127
\l__box_internal_box=\box41
\l__coffin_bounding_shift_dim=\dimen128
\l__coffin_left_corner_dim=\dimen129
\l__coffin_right_corner_dim=\dimen130
\l__coffin_bottom_corner_dim=\dimen131
\l__coffin_top_corner_dim=\dimen132
\l__coffin_scaled_total_height_dim=\dimen133
\l__coffin_scaled_width_dim=\dimen134
))
Package: xparse 2014/05/05 v4740 L3 Experimental document command parser
\l__xparse_current_arg_int=\count114
\l__xparse_m_args_int=\count115
\l__xparse_mandatory_args_int=\count116
\l__xparse_processor_int=\count117
\l__xparse_v_nesting_int=\count118
) (/usr/local/texlive/2014/texmf-dist/tex/latex/fontspec/fontspec.sty
Package: fontspec 2013/05/20 v2.3c Font selection for XeLaTeX and LuaLaTeX
\l_fontspec_script_int=\count119
\l_fontspec_language_int=\count120
\l_fontspec_strnum_int=\count121
\l_fontspec_tmpa_dim=\dimen135
\l_fontspec_tmpb_dim=\dimen136
\l_fontspec_tmpc_dim=\dimen137
Variant \tl_gset:cV already defined; not changing it on line 69
 (/usr/local/texlive/2014/texmf-dist/tex/latex/fontspec/fontspec-patches.sty
Package: fontspec-patches 2013/05/20 v2.3c Font selection for XeLaTeX and LuaLaTeX
 (/usr/local/texlive/2014/texmf-dist/tex/latex/base/fixltx2e.sty
Package: fixltx2e 2014/05/13 v1.1q fixes to LaTeX
LaTeX Info: Redefining \em on input line 429.
)
LaTeX Info: Redefining \em on input line 22.
LaTeX Info: Redefining \emph on input line 30.
LaTeX Info: Redefining \- on input line 33.
) (/usr/local/texlive/2014/texmf-dist/tex/latex/fontspec/fontspec-xetex.sty
Package: fontspec-xetex 2013/05/20 v2.3c Font selection for XeLaTeX and LuaLaTeX
 (/usr/local/texlive/2014/texmf-dist/tex/latex/base/fontenc.sty
Package: fontenc 2005/09/27 v1.99g Standard LaTeX package
 (/usr/local/texlive/2014/texmf-dist/tex/latex/euenc/eu1enc.def
File: eu1enc.def 2010/05/27 v0.1h Experimental Unicode font encodings
)
LaTeX Font Info:    Try loading font information for EU1+lmr on input line 100.
 (/usr/local/texlive/2014/texmf-dist/tex/latex/euenc/eu1lmr.fd
File: eu1lmr.fd 2009/10/30 v1.6 Font defs for Latin Modern
)) (/usr/local/texlive/2014/texmf-dist/tex/xelatex/xunicode/xunicode.sty
File: xunicode.sty 2011/09/09 v0.981 provides access to latin accents and many other characters in Unicode lower plane
 (/usr/local/texlive/2014/texmf-dist/tex/latex/tipa/t3enc.def
File: t3enc.def 2001/12/31 T3 encoding
LaTeX Font Info:    Try loading font information for EU1+lmss on input line 357.
 (/usr/local/texlive/2014/texmf-dist/tex/latex/euenc/eu1lmss.fd
File: eu1lmss.fd 2009/10/30 v1.6 Font defs for Latin Modern
))
\tipaTiiicode=\count122
\tipasavetokens=\toks16
\tipachecktokens=\toks17
 (/usr/local/texlive/2014/texmf-dist/tex/latex/graphics/graphicx.sty
Package: graphicx 2014/04/25 v1.0g Enhanced LaTeX Graphics (DPC,SPQR)
 (/usr/local/texlive/2014/texmf-dist/tex/latex/graphics/keyval.sty
Package: keyval 2014/05/08 v1.15 key=value parser (DPC)
\KV@toks@=\toks18
) (/usr/local/texlive/2014/texmf-dist/tex/latex/graphics/graphics.sty
Package: graphics 2009/02/05 v1.0o Standard LaTeX Graphics (DPC,SPQR)
 (/usr/local/texlive/2014/texmf-dist/tex/latex/graphics/trig.sty
Package: trig 1999/03/16 v1.09 sin cos tan (DPC)
) (/usr/local/texlive/2014/texmf-dist/tex/latex/latexconfig/graphics.cfg
File: graphics.cfg 2010/04/23 v1.9 graphics configuration of TeX Live
)
Package graphics Info: Driver file: xetex.def on input line 91.
 (/usr/local/texlive/2014/texmf-dist/tex/xelatex/xetex-def/xetex.def
File: xetex.def 2014/04/28 v4.01 LaTeX color/graphics driver for XeTeX (RRM/JK)
))
\Gin@req@height=\dimen138
\Gin@req@width=\dimen139
))
Variant \prop_gput:cnV already defined; not changing it on line 582
Variant \prop_gput:cnx already defined; not changing it on line 583
\l_fontspec_tmp_int=\count123
LaTeX Info: Redefining \itshape on input line 2087.
LaTeX Info: Redefining \slshape on input line 2092.
LaTeX Info: Redefining \scshape on input line 2097.
LaTeX Info: Redefining \upshape on input line 2102.
 (/usr/local/texlive/2014/texmf-dist/tex/latex/fontspec/fontspec.cfg))) (/usr/local/texlive/2014/texmf-dist/tex/latex/microtype/microtype.sty
Package: microtype 2013/05/23 v2.5a Micro-typographical refinements (RS)
\MT@toks=\toks19
\MT@count=\count124
LaTeX Info: Redefining \textls on input line 766.
\MT@outer@kern=\dimen140
LaTeX Info: Redefining \textmicrotypecontext on input line 1285.
\MT@listname@count=\count125
 (/usr/local/texlive/2014/texmf-dist/tex/latex/microtype/microtype-xetex.def
File: microtype-xetex.def 2013/05/23 v2.5a Definitions specific to xetex (RS)
LaTeX Info: Redefining \lsstyle on input line 254.
)
Package microtype Info: Loading configuration file microtype.cfg.
 (/usr/local/texlive/2014/texmf-dist/tex/latex/microtype/microtype.cfg
File: microtype.cfg 2013/05/23 v2.5a microtype main configuration file (RS)
)) (/usr/local/texlive/2014/texmf-dist/tex/latex/geometry/geometry.sty
Package: geometry 2010/09/12 v5.6 Page Geometry
 (/usr/local/texlive/2014/texmf-dist/tex/generic/oberdiek/ifvtex.sty
Package: ifvtex 2010/03/01 v1.5 Detect VTeX and its facilities (HO)
Package ifvtex Info: VTeX not detected.
) (/usr/local/texlive/2014/texmf-dist/tex/generic/ifxetex/ifxetex.sty
Package: ifxetex 2010/09/12 v0.6 Provides ifxetex conditional
)
\Gm@cnth=\count126
\Gm@cntv=\count127
\c@Gm@tempcnt=\count128
\Gm@bindingoffset=\dimen141
\Gm@wd@mp=\dimen142
\Gm@odd@mp=\dimen143
\Gm@even@mp=\dimen144
\Gm@layoutwidth=\dimen145
\Gm@layoutheight=\dimen146
\Gm@layouthoffset=\dimen147
\Gm@layoutvoffset=\dimen148
\Gm@dimlist=\toks20
) (/usr/local/texlive/2014/texmf-dist/tex/latex/changepage/changepage.sty
Package: changepage 2009/10/20 v1.0c check page and change page layout
\c@cp@cntr=\count129
\cp@tempcnt=\count130
) (/usr/local/texlive/2014/texmf-dist/tex/latex/hyperref/hyperref.sty
Package: hyperref 2012/11/06 v6.83m Hypertext links for LaTeX
 (/usr/local/texlive/2014/texmf-dist/tex/generic/oberdiek/hobsub-hyperref.sty
Package: hobsub-hyperref 2012/05/28 v1.13 Bundle oberdiek, subset hyperref (HO)
 (/usr/local/texlive/2014/texmf-dist/tex/generic/oberdiek/hobsub-generic.sty
Package: hobsub-generic 2012/05/28 v1.13 Bundle oberdiek, subset generic (HO)
Package: hobsub 2012/05/28 v1.13 Construct package bundles (HO)
Package: infwarerr 2010/04/08 v1.3 Providing info/warning/error messages (HO)
Package: ltxcmds 2011/11/09 v1.22 LaTeX kernel commands for general use (HO)
Package: ifluatex 2010/03/01 v1.3 Provides the ifluatex switch (HO)
Package ifluatex Info: LuaTeX not detected.
Package hobsub Info: Skipping package `ifvtex' (already loaded).
Package: intcalc 2007/09/27 v1.1 Expandable calculations with integers (HO)
Package hobsub Info: Skipping package `ifpdf' (already loaded).
Package: etexcmds 2011/02/16 v1.5 Avoid name clashes with e-TeX commands (HO)
Package etexcmds Info: Could not find \expanded.
(etexcmds)             That can mean that you are not using pdfTeX 1.50 or
(etexcmds)             that some package has redefined \expanded.
(etexcmds)             In the latter case, load this package earlier.
Package: kvsetkeys 2012/04/25 v1.16 Key value parser (HO)
Package: kvdefinekeys 2011/04/07 v1.3 Define keys (HO)
Package: pdftexcmds 2011/11/29 v0.20 Utility functions of pdfTeX for LuaTeX (HO)
Package pdftexcmds Info: LuaTeX not detected.
Package pdftexcmds Info: pdfTeX >= 1.30 not detected.
Package pdftexcmds Info: \pdf@primitive is available.
Package pdftexcmds Info: \pdf@ifprimitive is available.
Package pdftexcmds Info: \pdfdraftmode not found.
Package: pdfescape 2011/11/25 v1.13 Implements pdfTeX's escape features (HO)
Package: bigintcalc 2012/04/08 v1.3 Expandable calculations on big integers (HO)
Package: bitset 2011/01/30 v1.1 Handle bit-vector datatype (HO)
Package: uniquecounter 2011/01/30 v1.2 Provide unlimited unique counter (HO)
)
Package hobsub Info: Skipping package `hobsub' (already loaded).
Package: letltxmacro 2010/09/02 v1.4 Let assignment for LaTeX macros (HO)
Package: hopatch 2012/05/28 v1.2 Wrapper for package hooks (HO)
Package: xcolor-patch 2011/01/30 xcolor patch
Package: atveryend 2011/06/30 v1.8 Hooks at the very end of document (HO)
Package atveryend Info: \enddocument detected (standard20110627).
Package: atbegshi 2011/10/05 v1.16 At begin shipout hook (HO)
Package: refcount 2011/10/16 v3.4 Data extraction from label references (HO)
Package: hycolor 2011/01/30 v1.7 Color options for hyperref/bookmark (HO)
) (/usr/local/texlive/2014/texmf-dist/tex/latex/oberdiek/auxhook.sty
Package: auxhook 2011/03/04 v1.3 Hooks for auxiliary files (HO)
) (/usr/local/texlive/2014/texmf-dist/tex/latex/oberdiek/kvoptions.sty
Package: kvoptions 2011/06/30 v3.11 Key value format for package options (HO)
)
\@linkdim=\dimen149
\Hy@linkcounter=\count131
\Hy@pagecounter=\count132
 (/usr/local/texlive/2014/texmf-dist/tex/latex/hyperref/pd1enc.def
File: pd1enc.def 2012/11/06 v6.83m Hyperref: PDFDocEncoding definition (HO)
)
\Hy@SavedSpaceFactor=\count133
 (/usr/local/texlive/2014/texmf-dist/tex/latex/latexconfig/hyperref.cfg
File: hyperref.cfg 2002/06/06 v1.2 hyperref configuration of TeXLive
)
Package hyperref Info: Option `ocgcolorlinks' set `true' on input line 4319.
Package hyperref Info: Option `unicode' set `true' on input line 4319.
 (/usr/local/texlive/2014/texmf-dist/tex/latex/hyperref/puenc.def
File: puenc.def 2012/11/06 v6.83m Hyperref: PDF Unicode definition (HO)
)
Package hyperref Info: Option `plainpages' set `false' on input line 4319.
Package hyperref Info: Option `pdfpagelabels' set `true' on input line 4319.
Package hyperref Info: Hyper figures OFF on input line 4443.
Package hyperref Info: Link nesting OFF on input line 4448.
Package hyperref Info: Hyper index ON on input line 4451.
Package hyperref Info: Plain pages OFF on input line 4458.
Package hyperref Info: Backreferencing OFF on input line 4463.
Package hyperref Info: Implicit mode ON; LaTeX internals redefined.
Package hyperref Info: Bookmarks ON on input line 4688.
\c@Hy@tempcnt=\count134
LaTeX Info: Redefining \url on input line 5041.
\XeTeXLinkMargin=\dimen150
\Fld@menulength=\count135
\Field@Width=\dimen151
\Fld@charsize=\dimen152
Package hyperref Info: Hyper figures OFF on input line 6295.
Package hyperref Info: Link nesting OFF on input line 6300.
Package hyperref Info: Hyper index ON on input line 6303.
Package hyperref Info: backreferencing OFF on input line 6310.
Package hyperref Info: Link coloring OFF on input line 6315.
Package hyperref Info: Link coloring with OCG ON on input line 6318.
Package hyperref Info: PDF/A mode OFF on input line 6325.
LaTeX Info: Redefining \ref on input line 6365.
LaTeX Info: Redefining \pageref on input line 6369.
\Hy@abspage=\count136
\c@Item=\count137
\c@Hfootnote=\count138
)

Package hyperref Message: Driver (autodetected): hxetex.

(/usr/local/texlive/2014/texmf-dist/tex/latex/hyperref/hxetex.def
File: hxetex.def 2012/11/06 v6.83m Hyperref driver for XeTeX
 (/usr/local/texlive/2014/texmf-dist/tex/generic/oberdiek/stringenc.sty
Package: stringenc 2011/12/02 v1.10 Convert strings between diff. encodings (HO)
)
\pdfm@box=\box42
\c@Hy@AnnotLevel=\count139
\HyField@AnnotCount=\count140
\Fld@listcount=\count141
\c@bookmark@seq@number=\count142
 (/usr/local/texlive/2014/texmf-dist/tex/latex/oberdiek/rerunfilecheck.sty
Package: rerunfilecheck 2011/04/15 v1.7 Rerun checks for auxiliary files (HO)
Package rerunfilecheck Info: Feature \pdfmdfivesum is not available
(rerunfilecheck)             (e.g. pdfTeX or LuaTeX with package `pdftexcmds').
(rerunfilecheck)             Therefore file contents cannot be checked efficiently
(rerunfilecheck)             and the loading of the package is aborted.
)
\Hy@SectionHShift=\skip59
)
\g__file_internal_ior=\read1
\g_fontspec_family_Adobe Garamond Pro_int=\count143
.................................................
. fontspec info: "defining-font"
. 
. Font family 'AdobeGaramondPro(0)' created for font 'Adobe Garamond Pro' with
. options [ Ligatures={TeX,Common}, BoldFont={AGaramondPro-Semibold}, ].
. 
. This font family consists of the following shapes:
. 
. * 'normal' with NFSS spec.:
. <->"Adobe Garamond
. Pro/ICU:script=latn;language=DFLT;mapping=tex-text;+liga;"
. 
. * 'small caps' with NFSS spec.:
. <->"Adobe Garamond
. Pro/ICU:script=latn;language=DFLT;mapping=tex-text;+liga;+smcp;"
. 
. * 'bold' with NFSS spec.:
. 
. <->"AGaramondPro-Semibold/ICU:script=latn;language=DFLT;mapping=tex-text;+liga;"
. 
. * 'bold small caps' with NFSS spec.:
. 
. <->"AGaramondPro-Semibold/ICU:script=latn;language=DFLT;mapping=tex-text;+liga;+smcp;"
. 
. * 'italic' with NFSS spec.:
. <->"Adobe Garamond
. Pro/I/ICU:script=latn;language=DFLT;mapping=tex-text;+liga;"
. 
. * 'bold italic' with NFSS spec.:
. 
. <->"AGaramondPro-Semibold/I/ICU:script=latn;language=DFLT;mapping=tex-text;+liga;"
.................................................

*************************************************
* fontspec warning: "icu-feature-not-exist-in-font"
* 
* OpenType feature 'Letters=SmallCaps' (+smcp) not available for font 'Adobe
* Garamond Pro/I' with script 'Latin' and language 'Default'.
*************************************************
*************************************************
* fontspec warning: "icu-feature-not-exist-in-font"
* 
* OpenType feature 'Letters=SmallCaps' (+smcp) not available for font 'Adobe
* Garamond Pro/BI' with script 'Latin' and language 'Default'.
*************************************************
.................................................
. fontspec info: "defining-font"
. 
. Font family 'AdobeGaramondPro(1)' created for font 'Adobe Garamond Pro' with
. options [ Ligatures={TeX,Common}, Letters=SmallCaps, Color=660000, ].
. 
. This font family consists of the following shapes:
. 
. * 'normal' with NFSS spec.:
. <->"Adobe Garamond
. Pro/ICU:script=latn;language=DFLT;mapping=tex-text;+liga;+smcp;color=660000FF
. ;"
. 
. * 'small caps' with NFSS spec.:
. <->"Adobe Garamond
. Pro/ICU:script=latn;language=DFLT;mapping=tex-text;+liga;+smcp;+smcp;color=660000FF
. ;"
. 
. * 'bold' with NFSS spec.:
. <->"Adobe Garamond
. Pro/B/ICU:script=latn;language=DFLT;mapping=tex-text;+liga;+smcp;color=660000FF
. ;"
. 
. * 'bold small caps' with NFSS spec.:
. <->"Adobe Garamond
. Pro/B/ICU:script=latn;language=DFLT;mapping=tex-text;+liga;+smcp;+smcp;color=660000FF
. ;"
. 
. * 'italic' with NFSS spec.:
. <->"Adobe Garamond
. Pro/I/ICU:script=latn;language=DFLT;mapping=tex-text;+liga;color=660000FF ;"
. 
. * 'bold italic' with NFSS spec.:
. <->"Adobe Garamond
. Pro/BI/ICU:script=latn;language=DFLT;mapping=tex-text;+liga;color=660000FF
. ;"
.................................................
.................................................
. fontspec info: "no-scripts"
. 
. Font FontAwesome does not contain any OpenType `Script' information.
.................................................
\g_fontspec_family_FontAwesome_int=\count144
.................................................
. fontspec info: "no-font-shape"
. 
. Could not resolve font FontAwesome/B (it probably doesn't exist).
.................................................
.................................................
. fontspec info: "no-font-shape"
. 
. Could not resolve font FontAwesome/I (it probably doesn't exist).
.................................................
.................................................
. fontspec info: "no-font-shape"
. 
. Could not resolve font FontAwesome/BI (it probably doesn't exist).
.................................................
.................................................
. fontspec info: "defining-font"
. 
. Font family 'FontAwesome(0)' created for font 'FontAwesome' with options [].
. 
. This font family consists of the following shapes:
. 
. * 'normal' with NFSS spec.:
. <->"FontAwesome/AAT:"
.................................................
(/Users/leosun/Dropbox/GitHub/AcademicPage/.texpadtmp/Fangzhou_Resume_1.aux)
\openout1 = `Fangzhou_Resume_1.aux'.

LaTeX Font Info:    Checking defaults for OML/cmm/m/it on input line 122.
LaTeX Font Info:    ... okay on input line 122.
LaTeX Font Info:    Checking defaults for T1/cmr/m/n on input line 122.
LaTeX Font Info:    ... okay on input line 122.
LaTeX Font Info:    Checking defaults for OT1/cmr/m/n on input line 122.
LaTeX Font Info:    ... okay on input line 122.
LaTeX Font Info:    Checking defaults for OMS/cmsy/m/n on input line 122.
LaTeX Font Info:    ... okay on input line 122.
LaTeX Font Info:    Checking defaults for OMX/cmex/m/n on input line 122.
LaTeX Font Info:    ... okay on input line 122.
LaTeX Font Info:    Checking defaults for U/cmr/m/n on input line 122.
LaTeX Font Info:    ... okay on input line 122.
LaTeX Font Info:    Checking defaults for EU1/lmr/m/n on input line 122.
LaTeX Font Info:    ... okay on input line 122.
LaTeX Font Info:    Checking defaults for T3/cmr/m/n on input line 122.
LaTeX Font Info:    Try loading font information for T3+cmr on input line 122.
 (/usr/local/texlive/2014/texmf-dist/tex/latex/tipa/t3cmr.fd
File: t3cmr.fd 2001/12/31 TIPA font definitions
)
LaTeX Font Info:    ... okay on input line 122.
LaTeX Font Info:    Checking defaults for PD1/pdf/m/n on input line 122.
LaTeX Font Info:    ... okay on input line 122.
LaTeX Font Info:    Checking defaults for PU/pdf/m/n on input line 122.
LaTeX Font Info:    ... okay on input line 122.
Package lastpage Info: Please have a look at the pageslts package at
(lastpage)             http://www.ctan.org/tex-archive/ 
(lastpage)             macros/latex/contrib/pageslts/ 
(lastpage)             or
(lastpage)             http://www.ctan.org/tex-archive/ 
(lastpage)             install/macros/latex/contrib/pageslts.tds.zip
(lastpage)             ! on input line 122.
.................................................
. fontspec info: "setup-math"
. 
. Adjusting the maths setup (use [no-math] to avoid this).
.................................................
\symlegacymaths=\mathgroup4
LaTeX Font Info:    Overwriting symbol font `legacymaths' in version `bold'
(Font)                  OT1/cmr/m/n --> OT1/cmr/bx/n on input line 122.
LaTeX Font Info:    Redeclaring math accent \acute on input line 122.
LaTeX Font Info:    Redeclaring math accent \grave on input line 122.
LaTeX Font Info:    Redeclaring math accent \ddot on input line 122.
LaTeX Font Info:    Redeclaring math accent \tilde on input line 122.
LaTeX Font Info:    Redeclaring math accent \bar on input line 122.
LaTeX Font Info:    Redeclaring math accent \breve on input line 122.
LaTeX Font Info:    Redeclaring math accent \check on input line 122.
LaTeX Font Info:    Redeclaring math accent \hat on input line 122.
LaTeX Font Info:    Redeclaring math accent \dot on input line 122.
LaTeX Font Info:    Redeclaring math accent \mathring on input line 122.
LaTeX Font Info:    Redeclaring math symbol \colon on input line 122.
LaTeX Font Info:    Redeclaring math symbol \Gamma on input line 122.
LaTeX Font Info:    Redeclaring math symbol \Delta on input line 122.
LaTeX Font Info:    Redeclaring math symbol \Theta on input line 122.
LaTeX Font Info:    Redeclaring math symbol \Lambda on input line 122.
LaTeX Font Info:    Redeclaring math symbol \Xi on input line 122.
LaTeX Font Info:    Redeclaring math symbol \Pi on input line 122.
LaTeX Font Info:    Redeclaring math symbol \Sigma on input line 122.
LaTeX Font Info:    Redeclaring math symbol \Upsilon on input line 122.
LaTeX Font Info:    Redeclaring math symbol \Phi on input line 122.
LaTeX Font Info:    Redeclaring math symbol \Psi on input line 122.
LaTeX Font Info:    Redeclaring math symbol \Omega on input line 122.
LaTeX Font Info:    Redeclaring math symbol \mathdollar on input line 122.
LaTeX Font Info:    Redeclaring symbol font `operators' on input line 122.
LaTeX Font Info:    Encoding `OT1' has changed to `EU1' for symbol font
(Font)              `operators' in the math version `normal' on input line 122.
LaTeX Font Info:    Overwriting symbol font `operators' in version `normal'
(Font)                  OT1/cmr/m/n --> EU1/AdobeGaramondPro(0)/m/n on input line 122.
LaTeX Font Info:    Encoding `OT1' has changed to `EU1' for symbol font
(Font)              `operators' in the math version `bold' on input line 122.
LaTeX Font Info:    Overwriting symbol font `operators' in version `bold'
(Font)                  OT1/cmr/bx/n --> EU1/AdobeGaramondPro(0)/m/n on input line 122.
LaTeX Font Info:    Overwriting symbol font `operators' in version `normal'
(Font)                  EU1/AdobeGaramondPro(0)/m/n --> EU1/AdobeGaramondPro(0)/m/n on input line 122.
LaTeX Font Info:    Overwriting math alphabet `\mathrm' in version `normal'
(Font)                  EU1/AdobeGaramondPro(0)/m/n --> EU1/AdobeGaramondPro(0)/m/n on input line 122.
LaTeX Font Info:    Overwriting math alphabet `\mathit' in version `normal'
(Font)                  OT1/cmr/m/it --> EU1/AdobeGaramondPro(0)/m/it on input line 122.
LaTeX Font Info:    Overwriting math alphabet `\mathbf' in version `normal'
(Font)                  OT1/cmr/bx/n --> EU1/AdobeGaramondPro(0)/bx/n on input line 122.
LaTeX Font Info:    Overwriting math alphabet `\mathsf' in version `normal'
(Font)                  OT1/cmss/m/n --> EU1/AdobeGaramondPro(1)/m/n on input line 122.
LaTeX Font Info:    Overwriting math alphabet `\mathtt' in version `normal'
(Font)                  OT1/cmtt/m/n --> EU1/FontAwesome(0)/m/n on input line 122.
LaTeX Font Info:    Overwriting symbol font `operators' in version `bold'
(Font)                  EU1/AdobeGaramondPro(0)/m/n --> EU1/AdobeGaramondPro(0)/bx/n on input line 122.
LaTeX Font Info:    Overwriting math alphabet `\mathrm' in version `bold'
(Font)                  EU1/AdobeGaramondPro(0)/m/n --> EU1/AdobeGaramondPro(0)/bx/n on input line 122.
LaTeX Font Info:    Overwriting math alphabet `\mathit' in version `bold'
(Font)                  OT1/cmr/bx/it --> EU1/AdobeGaramondPro(0)/bx/it on input line 122.
LaTeX Font Info:    Overwriting math alphabet `\mathsf' in version `bold'
(Font)                  OT1/cmss/bx/n --> EU1/AdobeGaramondPro(1)/bx/n on input line 122.
LaTeX Font Info:    Overwriting math alphabet `\mathtt' in version `bold'
(Font)                  OT1/cmtt/m/n --> EU1/FontAwesome(0)/bx/n on input line 122.
LaTeX Info: Redefining \microtypecontext on input line 122.
Package microtype Info: Character protrusion enabled (level 2).
Package microtype Info: Using default protrusion set `alltext'.
Package microtype Info: No adjustment of tracking.
Package microtype Info: No adjustment of spacing.
Package microtype Info: No adjustment of kerning.
Package microtype Info: Loading generic settings for font family
(microtype)             `AdobeGaramondPro' (encoding: EU1).
(microtype)             For optimal results, create family-specific settings.
(microtype)             See the microtype manual for details.

*geometry* driver: auto-detecting
*geometry* detected driver: xetex
*geometry* verbose mode - [ preamble ] result:
* driver: xetex
* paper: letterpaper
* layout: <same size as paper>
* layoutoffset:(h,v)=(0.0pt,0.0pt)
* modes: 
* h-part:(L,W,R)=(101.17755pt, 484.2099pt, 28.90755pt)
* v-part:(T,H,B)=(36.135pt, 722.7pt, 36.135pt)
* \paperwidth=614.295pt
* \paperheight=794.96999pt
* \textwidth=484.2099pt
* \textheight=722.7pt
* \oddsidemargin=28.90756pt
* \evensidemargin=28.90756pt
* \topmargin=-73.135pt
* \headheight=12.0pt
* \headsep=25.0pt
* \topskip=11.0pt
* \footskip=30.0pt
* \marginparwidth=59.0pt
* \marginparsep=10.0pt
* \columnsep=10.0pt
* \skip\footins=10.0pt plus 4.0pt minus 2.0pt
* \hoffset=0.0pt
* \voffset=0.0pt
* \mag=1000
* \@twocolumnfalse
* \@twosidefalse
* \@mparswitchfalse
* \@reversemarginfalse
* (1in=72.27pt=25.4mm, 1cm=28.453pt)

\AtBeginShipoutBox=\box43
Package hyperref Info: Option `colorlinks' set `true' on input line 122.
(/usr/local/texlive/2014/texmf-dist/tex/latex/graphics/color.sty
Package: color 2014/04/23 v1.1a Standard LaTeX Color (DPC)
LaTeX Info: Redefining \color on input line 76.
 (/usr/local/texlive/2014/texmf-dist/tex/latex/latexconfig/color.cfg
File: color.cfg 2007/01/18 v1.5 color configuration of teTeX/TeXLive
)
Package color Info: Driver file: xetex.def on input line 137.
)
Package hyperref Info: Link coloring ON on input line 122.
 (/usr/local/texlive/2014/texmf-dist/tex/latex/hyperref/nameref.sty
Package: nameref 2012/10/27 v2.43 Cross-referencing by name of section
 (/usr/local/texlive/2014/texmf-dist/tex/generic/oberdiek/gettitlestring.sty
Package: gettitlestring 2010/12/03 v1.4 Cleanup title references (HO)
)
\c@section@level=\count145
)
LaTeX Info: Redefining \ref on input line 122.
LaTeX Info: Redefining \pageref on input line 122.
LaTeX Info: Redefining \nameref on input line 122.
 (/Users/leosun/Dropbox/GitHub/AcademicPage/.texpadtmp/Fangzhou_Resume_1.out) (/Users/leosun/Dropbox/GitHub/AcademicPage/.texpadtmp/Fangzhou_Resume_1.out)
\@outlinefile=\write3
\openout3 = `Fangzhou_Resume_1.out'.

\temp@x=\skip60
\temp@y=\skip61
\temp@w=\skip62
\temp@h=\skip63

*************************************************
* fontspec warning: "icu-feature-not-exist-in-font"
* 
* OpenType feature 'Style=TitlingCaps' (+titl) not available for font
* 'AGaramondPro-Semibold' with script 'Latin' and language 'Default'.
*************************************************
*************************************************
* fontspec warning: "icu-feature-not-exist-in-font"
* 
* OpenType feature 'Style=TitlingCaps' (+titl) not available for font
* 'AGaramondPro-Semibold' with script 'Latin' and language 'Default'.
*************************************************
*************************************************
* fontspec warning: "icu-feature-not-exist-in-font"
* 
* OpenType feature 'Style=TitlingCaps' (+titl) not available for font 'Adobe
* Garamond Pro/I' with script 'Latin' and language 'Default'.
*************************************************
*************************************************
* fontspec warning: "icu-feature-not-exist-in-font"
* 
* OpenType feature 'Style=TitlingCaps' (+titl) not available for font
* 'AGaramondPro-Semibold/I' with script 'Latin' and language 'Default'.
*************************************************
.................................................
. fontspec info: "defining-font"
. 
. Font family 'AdobeGaramondPro(2)' created for font 'Adobe Garamond Pro' with
. options [ Ligatures={TeX,Common}, BoldFont={AGaramondPro-Semibold},
. ,Style=TitlingCaps].
. 
. This font family consists of the following shapes:
. 
. * 'normal' with NFSS spec.:
. <->"Adobe Garamond
. Pro/ICU:script=latn;language=DFLT;mapping=tex-text;+liga;+titl;"
. 
. * 'small caps' with NFSS spec.:
. <->"Adobe Garamond
. Pro/ICU:script=latn;language=DFLT;mapping=tex-text;+liga;+titl;+smcp;"
. 
. * 'bold' with NFSS spec.:
. 
. <->"AGaramondPro-Semibold/ICU:script=latn;language=DFLT;mapping=tex-text;+liga;"
. 
. * 'bold small caps' with NFSS spec.:
. 
. <->"AGaramondPro-Semibold/ICU:script=latn;language=DFLT;mapping=tex-text;+liga;+smcp;"
. 
. * 'italic' with NFSS spec.:
. <->"Adobe Garamond
. Pro/I/ICU:script=latn;language=DFLT;mapping=tex-text;+liga;"
. 
. * 'bold italic' with NFSS spec.:
. 
. <->"AGaramondPro-Semibold/I/ICU:script=latn;language=DFLT;mapping=tex-text;+liga;"
.................................................
.................................................
. fontspec info: "defining-font"
. 
. Font family 'AdobeGaramondPro(2)' created for font 'Adobe Garamond Pro' with
. options [ Ligatures={TeX,Common}, BoldFont={AGaramondPro-Semibold},
. ,Style=TitlingCaps].
. 
. This font family consists of the following shapes:
.................................................
LaTeX Font Info:    External font `cmex10' loaded for size
(Font)              <10.95> on input line 159.
LaTeX Font Info:    External font `cmex10' loaded for size
(Font)              <8> on input line 159.
LaTeX Font Info:    External font `cmex10' loaded for size
(Font)              <6> on input line 159.
(/usr/local/texlive/2014/texmf-dist/tex/latex/microtype/mt-cmr.cfg
File: mt-cmr.cfg 2013/05/19 v2.2 microtype config. file: Computer Modern Roman (RS)
)
.................................................
. fontspec info: "defining-font"
. 
. Font family 'AdobeGaramondPro(3)' created for font 'Adobe Garamond Pro' with
. options [ Ligatures={TeX,Common}, BoldFont={AGaramondPro-Semibold},
. ,Numbers=OldStyle].
. 
. This font family consists of the following shapes:
. 
. * 'normal' with NFSS spec.:
. <->"Adobe Garamond
. Pro/ICU:script=latn;language=DFLT;mapping=tex-text;+liga;+onum;"
. 
. * 'small caps' with NFSS spec.:
. <->"Adobe Garamond
. Pro/ICU:script=latn;language=DFLT;mapping=tex-text;+liga;+onum;+smcp;"
. 
. * 'bold' with NFSS spec.:
. 
. <->"AGaramondPro-Semibold/ICU:script=latn;language=DFLT;mapping=tex-text;+liga;+onum;"
. 
. * 'bold small caps' with NFSS spec.:
. 
. <->"AGaramondPro-Semibold/ICU:script=latn;language=DFLT;mapping=tex-text;+liga;+onum;+smcp;"
. 
. * 'italic' with NFSS spec.:
. <->"Adobe Garamond
. Pro/I/ICU:script=latn;language=DFLT;mapping=tex-text;+liga;+onum;"
. 
. * 'bold italic' with NFSS spec.:
. 
. <->"AGaramondPro-Semibold/I/ICU:script=latn;language=DFLT;mapping=tex-text;+liga;+onum;"
.................................................
.................................................
. fontspec info: "defining-font"
. 
. Font family 'AdobeGaramondPro(3)' created for font 'Adobe Garamond Pro' with
. options [ Ligatures={TeX,Common}, BoldFont={AGaramondPro-Semibold},
. ,Numbers=OldStyle].
. 
. This font family consists of the following shapes:
.................................................
.................................................
. fontspec info: "defining-font"
. 
. Font family 'AdobeGaramondPro(3)' created for font 'Adobe Garamond Pro' with
. options [ Ligatures={TeX,Common}, BoldFont={AGaramondPro-Semibold},
. ,Numbers=OldStyle].
. 
. This font family consists of the following shapes:
.................................................

Underfull \hbox (badness 10000) in paragraph at lines 178--178
[]\EU1/AdobeGaramondPro(1)/m/n/10.95 Computer
 []

.................................................
. fontspec info: "defining-font"
. 
. Font family 'AdobeGaramondPro(3)' created for font 'Adobe Garamond Pro' with
. options [ Ligatures={TeX,Common}, BoldFont={AGaramondPro-Semibold},
. ,Numbers=OldStyle].
. 
. This font family consists of the following shapes:
.................................................
.................................................
. fontspec info: "defining-font"
. 
. Font family 'AdobeGaramondPro(3)' created for font 'Adobe Garamond Pro' with
. options [ Ligatures={TeX,Common}, BoldFont={AGaramondPro-Semibold},
. ,Numbers=OldStyle].
. 
. This font family consists of the following shapes:
.................................................
.................................................
. fontspec info: "defining-font"
. 
. Font family 'AdobeGaramondPro(3)' created for font 'Adobe Garamond Pro' with
. options [ Ligatures={TeX,Common}, BoldFont={AGaramondPro-Semibold},
. ,Numbers=OldStyle].
. 
. This font family consists of the following shapes:
.................................................
.................................................
. fontspec info: "defining-font"
. 
. Font family 'AdobeGaramondPro(3)' created for font 'Adobe Garamond Pro' with
. options [ Ligatures={TeX,Common}, BoldFont={AGaramondPro-Semibold},
. ,Numbers=OldStyle].
. 
. This font family consists of the following shapes:
.................................................
.................................................
. fontspec info: "defining-font"
. 
. Font family 'AdobeGaramondPro(3)' created for font 'Adobe Garamond Pro' with
. options [ Ligatures={TeX,Common}, BoldFont={AGaramondPro-Semibold},
. ,Numbers=OldStyle].
. 
. This font family consists of the following shapes:
.................................................
[1

]
.................................................
. fontspec info: "defining-font"
. 
. Font family 'AdobeGaramondPro(3)' created for font 'Adobe Garamond Pro' with
. options [ Ligatures={TeX,Common}, BoldFont={AGaramondPro-Semibold},
. ,Numbers=OldStyle].
. 
. This font family consists of the following shapes:
.................................................

Overfull \hbox (3.94156pt too wide) in paragraph at lines 284--284
[]\EU1/AdobeGaramondPro(1)/m/n/10.95 Presentations 
 []

.................................................
. fontspec info: "defining-font"
. 
. Font family 'AdobeGaramondPro(3)' created for font 'Adobe Garamond Pro' with
. options [ Ligatures={TeX,Common}, BoldFont={AGaramondPro-Semibold},
. ,Numbers=OldStyle].
. 
. This font family consists of the following shapes:
.................................................
.................................................
. fontspec info: "defining-font"
. 
. Font family 'AdobeGaramondPro(3)' created for font 'Adobe Garamond Pro' with
. options [ Ligatures={TeX,Common}, BoldFont={AGaramondPro-Semibold},
. ,Numbers=OldStyle].
. 
. This font family consists of the following shapes:
.................................................
.................................................
. fontspec info: "defining-font"
. 
. Font family 'AdobeGaramondPro(3)' created for font 'Adobe Garamond Pro' with
. options [ Ligatures={TeX,Common}, BoldFont={AGaramondPro-Semibold},
. ,Numbers=OldStyle].
. 
. This font family consists of the following shapes:
.................................................
.................................................
. fontspec info: "defining-font"
. 
. Font family 'AdobeGaramondPro(3)' created for font 'Adobe Garamond Pro' with
. options [ Ligatures={TeX,Common}, BoldFont={AGaramondPro-Semibold},
. ,Numbers=OldStyle].
. 
. This font family consists of the following shapes:
.................................................
.................................................
. fontspec info: "defining-font"
. 
. Font family 'AdobeGaramondPro(3)' created for font 'Adobe Garamond Pro' with
. options [ Ligatures={TeX,Common}, BoldFont={AGaramondPro-Semibold},
. ,Numbers=OldStyle].
. 
. This font family consists of the following shapes:
.................................................
.................................................
. fontspec info: "defining-font"
. 
. Font family 'AdobeGaramondPro(3)' created for font 'Adobe Garamond Pro' with
. options [ Ligatures={TeX,Common}, BoldFont={AGaramondPro-Semibold},
. ,Numbers=OldStyle].
. 
. This font family consists of the following shapes:
.................................................
.................................................
. fontspec info: "defining-font"
. 
. Font family 'AdobeGaramondPro(3)' created for font 'Adobe Garamond Pro' with
. options [ Ligatures={TeX,Common}, BoldFont={AGaramondPro-Semibold},
. ,Numbers=OldStyle].
. 
. This font family consists of the following shapes:
.................................................
.................................................
. fontspec info: "defining-font"
. 
. Font family 'AdobeGaramondPro(3)' created for font 'Adobe Garamond Pro' with
. options [ Ligatures={TeX,Common}, BoldFont={AGaramondPro-Semibold},
. ,Numbers=OldStyle].
. 
. This font family consists of the following shapes:
.................................................

AED: lastpage setting LastPage
[2]
Package atveryend Info: Empty hook `BeforeClearDocument' on input line 341.
Package atveryend Info: Empty hook `AfterLastShipout' on input line 341.
 (/Users/leosun/Dropbox/GitHub/AcademicPage/.texpadtmp/Fangzhou_Resume_1.aux)
Package atveryend Info: Empty hook `AtVeryEndDocument' on input line 341.
Package atveryend Info: Empty hook `AtEndAfterFileList' on input line 341.
Package atveryend Info: Empty hook `AtVeryVeryEnd' on input line 341.
 ) 
Here is how much of TeX's memory you used:
 21997 strings out of 493734
 412102 string characters out of 6146348
 502939 words of memory out of 5000000
 25157 multiletter control sequences out of 15000+600000
 7027 words of font info for 60 fonts, out of 8000000 for 9000
 1328 hyphenation exceptions out of 8191
 46i,12n,46p,10389b,338s stack positions out of 5000i,500n,10000p,200000b,80000s

Output written on /Users/leosun/Dropbox/GitHub/AcademicPage/.texpadtmp/Fangzhou_Resume_1.pdf (2 pages).
